2012-08-16 16:11:48 Error: [MissingControllerException] Controller class WebrootController could not be found.
#0 /Applications/XAMPP/xamppfiles/htdocs/Beachchopp-novo/app/webroot/index.php(92): Dispatcher->dispatch(Object(CakeRequest), Object(CakeResponse))
#1 {main}
2012-08-16 16:12:48 Error: [MissingControllerException] Controller class WebrootController could not be found.
#0 /Applications/XAMPP/xamppfiles/htdocs/Beachchopp-novo/app/webroot/index.php(92): Dispatcher->dispatch(Object(CakeRequest), Object(CakeResponse))
#1 {main}
2012-08-16 16:13:04 Error: [MissingControllerException] Controller class WebrootController could not be found.
#0 /Applications/XAMPP/xamppfiles/htdocs/Beachchopp-novo/app/webroot/index.php(92): Dispatcher->dispatch(Object(CakeRequest), Object(CakeResponse))
#1 {main}
2012-08-16 16:23:02 Error: [MissingActionException] Action AppController::webroot() could not be found.
#0 /Applications/XAMPP/xamppfiles/htdocs/Beachchopp-novo/lib/Cake/Routing/Dispatcher.php(186): Controller->invokeAction(Object(CakeRequest))
#1 /Applications/XAMPP/xamppfiles/htdocs/Beachchopp-novo/lib/Cake/Routing/Dispatcher.php(161): Dispatcher->_invoke(Object(AppController), Object(CakeRequest), Object(CakeResponse))
#2 /Applications/XAMPP/xamppfiles/htdocs/Beachchopp-novo/app/webroot/index.php(92): Dispatcher->dispatch(Object(CakeRequest), Object(CakeResponse))
#3 {main}
2012-08-16 16:33:57 Error: [MissingActionException] Action AppController::webroot() could not be found.
#0 /Applications/XAMPP/xamppfiles/htdocs/Beachchopp-novo/lib/Cake/Routing/Dispatcher.php(186): Controller->invokeAction(Object(CakeRequest))
#1 /Applications/XAMPP/xamppfiles/htdocs/Beachchopp-novo/lib/Cake/Routing/Dispatcher.php(161): Dispatcher->_invoke(Object(AppController), Object(CakeRequest), Object(CakeResponse))
#2 /Applications/XAMPP/xamppfiles/htdocs/Beachchopp-novo/app/webroot/index.php(92): Dispatcher->dispatch(Object(CakeRequest), Object(CakeResponse))
#3 {main}
2012-08-16 16:37:58 Error: [MissingActionException] Action AppController::webroot() could not be found.
#0 /Applications/XAMPP/xamppfiles/htdocs/Beachchopp-novo/lib/Cake/Routing/Dispatcher.php(186): Controller->invokeAction(Object(CakeRequest))
#1 /Applications/XAMPP/xamppfiles/htdocs/Beachchopp-novo/lib/Cake/Routing/Dispatcher.php(161): Dispatcher->_invoke(Object(AppController), Object(CakeRequest), Object(CakeResponse))
#2 /Applications/XAMPP/xamppfiles/htdocs/Beachchopp-novo/app/webroot/index.php(92): Dispatcher->dispatch(Object(CakeRequest), Object(CakeResponse))
#3 {main}
2012-08-16 16:39:04 Error: [MissingActionException] Action AppController::webroot() could not be found.
#0 /Applications/XAMPP/xamppfiles/htdocs/Beachchopp-novo/lib/Cake/Routing/Dispatcher.php(186): Controller->invokeAction(Object(CakeRequest))
#1 /Applications/XAMPP/xamppfiles/htdocs/Beachchopp-novo/lib/Cake/Routing/Dispatcher.php(161): Dispatcher->_invoke(Object(AppController), Object(CakeRequest), Object(CakeResponse))
#2 /Applications/XAMPP/xamppfiles/htdocs/Beachchopp-novo/app/webroot/index.php(92): Dispatcher->dispatch(Object(CakeRequest), Object(CakeResponse))
#3 {main}
2012-08-16 16:53:00 Error: [MissingActionException] Action AppController::webroot() could not be found.
#0 /Applications/XAMPP/xamppfiles/htdocs/Beachchopp-novo/lib/Cake/Routing/Dispatcher.php(186): Controller->invokeAction(Object(CakeRequest))
#1 /Applications/XAMPP/xamppfiles/htdocs/Beachchopp-novo/lib/Cake/Routing/Dispatcher.php(161): Dispatcher->_invoke(Object(AppController), Object(CakeRequest), Object(CakeResponse))
#2 /Applications/XAMPP/xamppfiles/htdocs/Beachchopp-novo/app/webroot/index.php(92): Dispatcher->dispatch(Object(CakeRequest), Object(CakeResponse))
#3 {main}
2012-08-16 16:53:42 Error: [MissingActionException] Action AppController::webroot() could not be found.
#0 /Applications/XAMPP/xamppfiles/htdocs/Beachchopp-novo/lib/Cake/Routing/Dispatcher.php(186): Controller->invokeAction(Object(CakeRequest))
#1 /Applications/XAMPP/xamppfiles/htdocs/Beachchopp-novo/lib/Cake/Routing/Dispatcher.php(161): Dispatcher->_invoke(Object(AppController), Object(CakeRequest), Object(CakeResponse))
#2 /Applications/XAMPP/xamppfiles/htdocs/Beachchopp-novo/app/webroot/index.php(92): Dispatcher->dispatch(Object(CakeRequest), Object(CakeResponse))
#3 {main}
2012-08-16 17:10:16 Error: [MissingActionException] Action AppController::webroot() could not be found.
#0 /Applications/XAMPP/xamppfiles/htdocs/Beachchopp-novo/lib/Cake/Routing/Dispatcher.php(186): Controller->invokeAction(Object(CakeRequest))
#1 /Applications/XAMPP/xamppfiles/htdocs/Beachchopp-novo/lib/Cake/Routing/Dispatcher.php(161): Dispatcher->_invoke(Object(AppController), Object(CakeRequest), Object(CakeResponse))
#2 /Applications/XAMPP/xamppfiles/htdocs/Beachchopp-novo/app/webroot/index.php(92): Dispatcher->dispatch(Object(CakeRequest), Object(CakeResponse))
#3 {main}
2012-08-16 17:10:25 Error: [MissingActionException] Action AppController::webroot() could not be found.
#0 /Applications/XAMPP/xamppfiles/htdocs/Beachchopp-novo/lib/Cake/Routing/Dispatcher.php(186): Controller->invokeAction(Object(CakeRequest))
#1 /Applications/XAMPP/xamppfiles/htdocs/Beachchopp-novo/lib/Cake/Routing/Dispatcher.php(161): Dispatcher->_invoke(Object(AppController), Object(CakeRequest), Object(CakeResponse))
#2 /Applications/XAMPP/xamppfiles/htdocs/Beachchopp-novo/app/webroot/index.php(92): Dispatcher->dispatch(Object(CakeRequest), Object(CakeResponse))
#3 {main}
2012-08-16 17:10:41 Error: [MissingActionException] Action AppController::webroot() could not be found.
#0 /Applications/XAMPP/xamppfiles/htdocs/Beachchopp-novo/lib/Cake/Routing/Dispatcher.php(186): Controller->invokeAction(Object(CakeRequest))
#1 /Applications/XAMPP/xamppfiles/htdocs/Beachchopp-novo/lib/Cake/Routing/Dispatcher.php(161): Dispatcher->_invoke(Object(AppController), Object(CakeRequest), Object(CakeResponse))
#2 /Applications/XAMPP/xamppfiles/htdocs/Beachchopp-novo/app/webroot/index.php(92): Dispatcher->dispatch(Object(CakeRequest), Object(CakeResponse))
#3 {main}
2012-08-16 17:11:45 Error: [MissingActionException] Action AppController::webroot() could not be found.
#0 /Applications/XAMPP/xamppfiles/htdocs/Beachchopp-novo/lib/Cake/Routing/Dispatcher.php(186): Controller->invokeAction(Object(CakeRequest))
#1 /Applications/XAMPP/xamppfiles/htdocs/Beachchopp-novo/lib/Cake/Routing/Dispatcher.php(161): Dispatcher->_invoke(Object(AppController), Object(CakeRequest), Object(CakeResponse))
#2 /Applications/XAMPP/xamppfiles/htdocs/Beachchopp-novo/app/webroot/index.php(92): Dispatcher->dispatch(Object(CakeRequest), Object(CakeResponse))
#3 {main}
2012-08-16 17:12:13 Error: [MissingActionException] Action AppController::webroot() could not be found.
#0 /Applications/XAMPP/xamppfiles/htdocs/Beachchopp-novo/lib/Cake/Routing/Dispatcher.php(186): Controller->invokeAction(Object(CakeRequest))
#1 /Applications/XAMPP/xamppfiles/htdocs/Beachchopp-novo/lib/Cake/Routing/Dispatcher.php(161): Dispatcher->_invoke(Object(AppController), Object(CakeRequest), Object(CakeResponse))
#2 /Applications/XAMPP/xamppfiles/htdocs/Beachchopp-novo/app/webroot/index.php(92): Dispatcher->dispatch(Object(CakeRequest), Object(CakeResponse))
#3 {main}
2012-08-16 17:13:28 Error: [MissingActionException] Action AppController::webroot() could not be found.
#0 /Applications/XAMPP/xamppfiles/htdocs/Beachchopp-novo/lib/Cake/Routing/Dispatcher.php(186): Controller->invokeAction(Object(CakeRequest))
#1 /Applications/XAMPP/xamppfiles/htdocs/Beachchopp-novo/lib/Cake/Routing/Dispatcher.php(161): Dispatcher->_invoke(Object(AppController), Object(CakeRequest), Object(CakeResponse))
#2 /Applications/XAMPP/xamppfiles/htdocs/Beachchopp-novo/app/webroot/index.php(92): Dispatcher->dispatch(Object(CakeRequest), Object(CakeResponse))
#3 {main}
2012-08-16 17:13:51 Error: [MissingActionException] Action AppController::webroot() could not be found.
#0 /Applications/XAMPP/xamppfiles/htdocs/Beachchopp-novo/lib/Cake/Routing/Dispatcher.php(186): Controller->invokeAction(Object(CakeRequest))
#1 /Applications/XAMPP/xamppfiles/htdocs/Beachchopp-novo/lib/Cake/Routing/Dispatcher.php(161): Dispatcher->_invoke(Object(AppController), Object(CakeRequest), Object(CakeResponse))
#2 /Applications/XAMPP/xamppfiles/htdocs/Beachchopp-novo/app/webroot/index.php(92): Dispatcher->dispatch(Object(CakeRequest), Object(CakeResponse))
#3 {main}
2012-08-16 17:15:44 Error: [MissingActionException] Action AppController::webroot() could not be found.
#0 /Applications/XAMPP/xamppfiles/htdocs/Beachchopp-novo/lib/Cake/Routing/Dispatcher.php(186): Controller->invokeAction(Object(CakeRequest))
#1 /Applications/XAMPP/xamppfiles/htdocs/Beachchopp-novo/lib/Cake/Routing/Dispatcher.php(161): Dispatcher->_invoke(Object(AppController), Object(CakeRequest), Object(CakeResponse))
#2 /Applications/XAMPP/xamppfiles/htdocs/Beachchopp-novo/app/webroot/index.php(92): Dispatcher->dispatch(Object(CakeRequest), Object(CakeResponse))
#3 {main}
2012-08-16 17:18:19 Error: [MissingActionException] Action AppController::webroot() could not be found.
#0 /Applications/XAMPP/xamppfiles/htdocs/Beachchopp-novo/lib/Cake/Routing/Dispatcher.php(186): Controller->invokeAction(Object(CakeRequest))
#1 /Applications/XAMPP/xamppfiles/htdocs/Beachchopp-novo/lib/Cake/Routing/Dispatcher.php(161): Dispatcher->_invoke(Object(AppController), Object(CakeRequest), Object(CakeResponse))
#2 /Applications/XAMPP/xamppfiles/htdocs/Beachchopp-novo/app/webroot/index.php(92): Dispatcher->dispatch(Object(CakeRequest), Object(CakeResponse))
#3 {main}
2012-08-16 17:36:10 Error: Fatal Error (4): syntax error, unexpected '<' in [/Applications/XAMPP/xamppfiles/htdocs/Beachchopp-novo/app/View/Layouts/default.ctp, line 34]
2012-08-16 17:36:10 Error: [FatalErrorException] syntax error, unexpected '<'
#0 /Applications/XAMPP/xamppfiles/htdocs/Beachchopp-novo/lib/Cake/Error/ErrorHandler.php(162): ErrorHandler::handleFatalError(4, 'syntax error, u...', '/Applications/X...', 34)
#1 [internal function]: ErrorHandler::handleError(4, 'syntax error, u...', '/Applications/X...', 34, Array)
#2 /Applications/XAMPP/xamppfiles/htdocs/Beachchopp-novo/lib/Cake/Core/App.php(926): call_user_func('ErrorHandler::h...', 4, 'syntax error, u...', '/Applications/X...', 34, Array)
#3 /Applications/XAMPP/xamppfiles/htdocs/Beachchopp-novo/lib/Cake/Core/App.php(899): App::_checkFatalError()
#4 [internal function]: App::shutdown()
#5 {main}
2012-08-16 17:36:16 Error: Fatal Error (4): syntax error, unexpected '<' in [/Applications/XAMPP/xamppfiles/htdocs/Beachchopp-novo/app/View/Layouts/default.ctp, line 34]
2012-08-16 17:36:16 Error: [FatalErrorException] syntax error, unexpected '<'
#0 /Applications/XAMPP/xamppfiles/htdocs/Beachchopp-novo/lib/Cake/Error/ErrorHandler.php(162): ErrorHandler::handleFatalError(4, 'syntax error, u...', '/Applications/X...', 34)
#1 [internal function]: ErrorHandler::handleError(4, 'syntax error, u...', '/Applications/X...', 34, Array)
#2 /Applications/XAMPP/xamppfiles/htdocs/Beachchopp-novo/lib/Cake/Core/App.php(926): call_user_func('ErrorHandler::h...', 4, 'syntax error, u...', '/Applications/X...', 34, Array)
#3 /Applications/XAMPP/xamppfiles/htdocs/Beachchopp-novo/lib/Cake/Core/App.php(899): App::_checkFatalError()
#4 [internal function]: App::shutdown()
#5 {main}
2012-08-16 17:36:19 Error: Fatal Error (4): syntax error, unexpected '<' in [/Applications/XAMPP/xamppfiles/htdocs/Beachchopp-novo/app/View/Layouts/default.ctp, line 34]
2012-08-16 17:36:19 Error: [FatalErrorException] syntax error, unexpected '<'
#0 /Applications/XAMPP/xamppfiles/htdocs/Beachchopp-novo/lib/Cake/Error/ErrorHandler.php(162): ErrorHandler::handleFatalError(4, 'syntax error, u...', '/Applications/X...', 34)
#1 [internal function]: ErrorHandler::handleError(4, 'syntax error, u...', '/Applications/X...', 34, Array)
#2 /Applications/XAMPP/xamppfiles/htdocs/Beachchopp-novo/lib/Cake/Core/App.php(926): call_user_func('ErrorHandler::h...', 4, 'syntax error, u...', '/Applications/X...', 34, Array)
#3 /Applications/XAMPP/xamppfiles/htdocs/Beachchopp-novo/lib/Cake/Core/App.php(899): App::_checkFatalError()
#4 [internal function]: App::shutdown()
#5 {main}
2012-08-16 17:36:36 Error: [MissingActionException] Action AppController::webroot() could not be found.
#0 /Applications/XAMPP/xamppfiles/htdocs/Beachchopp-novo/lib/Cake/Routing/Dispatcher.php(186): Controller->invokeAction(Object(CakeRequest))
#1 /Applications/XAMPP/xamppfiles/htdocs/Beachchopp-novo/lib/Cake/Routing/Dispatcher.php(161): Dispatcher->_invoke(Object(AppController), Object(CakeRequest), Object(CakeResponse))
#2 /Applications/XAMPP/xamppfiles/htdocs/Beachchopp-novo/app/webroot/index.php(92): Dispatcher->dispatch(Object(CakeRequest), Object(CakeResponse))
#3 {main}
2012-08-16 17:37:56 Error: [MissingActionException] Action AppController::webroot() could not be found.
#0 /Applications/XAMPP/xamppfiles/htdocs/Beachchopp-novo/lib/Cake/Routing/Dispatcher.php(186): Controller->invokeAction(Object(CakeRequest))
#1 /Applications/XAMPP/xamppfiles/htdocs/Beachchopp-novo/lib/Cake/Routing/Dispatcher.php(161): Dispatcher->_invoke(Object(AppController), Object(CakeRequest), Object(CakeResponse))
#2 /Applications/XAMPP/xamppfiles/htdocs/Beachchopp-novo/app/webroot/index.php(92): Dispatcher->dispatch(Object(CakeRequest), Object(CakeResponse))
#3 {main}
2012-08-16 17:38:39 Error: [MissingActionException] Action AppController::webroot() could not be found.
#0 /Applications/XAMPP/xamppfiles/htdocs/Beachchopp-novo/lib/Cake/Routing/Dispatcher.php(186): Controller->invokeAction(Object(CakeRequest))
#1 /Applications/XAMPP/xamppfiles/htdocs/Beachchopp-novo/lib/Cake/Routing/Dispatcher.php(161): Dispatcher->_invoke(Object(AppController), Object(CakeRequest), Object(CakeResponse))
#2 /Applications/XAMPP/xamppfiles/htdocs/Beachchopp-novo/app/webroot/index.php(92): Dispatcher->dispatch(Object(CakeRequest), Object(CakeResponse))
#3 {main}
2012-08-16 17:39:32 Error: [MissingActionException] Action AppController::webroot() could not be found.
#0 /Applications/XAMPP/xamppfiles/htdocs/Beachchopp-novo/lib/Cake/Routing/Dispatcher.php(186): Controller->invokeAction(Object(CakeRequest))
#1 /Applications/XAMPP/xamppfiles/htdocs/Beachchopp-novo/lib/Cake/Routing/Dispatcher.php(161): Dispatcher->_invoke(Object(AppController), Object(CakeRequest), Object(CakeResponse))
#2 /Applications/XAMPP/xamppfiles/htdocs/Beachchopp-novo/app/webroot/index.php(92): Dispatcher->dispatch(Object(CakeRequest), Object(CakeResponse))
#3 {main}
2012-08-16 17:40:28 Error: [MissingActionException] Action AppController::webroot() could not be found.
#0 /Applications/XAMPP/xamppfiles/htdocs/Beachchopp-novo/lib/Cake/Routing/Dispatcher.php(186): Controller->invokeAction(Object(CakeRequest))
#1 /Applications/XAMPP/xamppfiles/htdocs/Beachchopp-novo/lib/Cake/Routing/Dispatcher.php(161): Dispatcher->_invoke(Object(AppController), Object(CakeRequest), Object(CakeResponse))
#2 /Applications/XAMPP/xamppfiles/htdocs/Beachchopp-novo/app/webroot/index.php(92): Dispatcher->dispatch(Object(CakeRequest), Object(CakeResponse))
#3 {main}
2012-08-16 17:41:36 Error: [MissingActionException] Action AppController::webroot() could not be found.
#0 /Applications/XAMPP/xamppfiles/htdocs/Beachchopp-novo/lib/Cake/Routing/Dispatcher.php(186): Controller->invokeAction(Object(CakeRequest))
#1 /Applications/XAMPP/xamppfiles/htdocs/Beachchopp-novo/lib/Cake/Routing/Dispatcher.php(161): Dispatcher->_invoke(Object(AppController), Object(CakeRequest), Object(CakeResponse))
#2 /Applications/XAMPP/xamppfiles/htdocs/Beachchopp-novo/app/webroot/index.php(92): Dispatcher->dispatch(Object(CakeRequest), Object(CakeResponse))
#3 {main}
2012-08-16 17:43:08 Error: [MissingActionException] Action AppController::webroot() could not be found.
#0 /Applications/XAMPP/xamppfiles/htdocs/Beachchopp-novo/lib/Cake/Routing/Dispatcher.php(186): Controller->invokeAction(Object(CakeRequest))
#1 /Applications/XAMPP/xamppfiles/htdocs/Beachchopp-novo/lib/Cake/Routing/Dispatcher.php(161): Dispatcher->_invoke(Object(AppController), Object(CakeRequest), Object(CakeResponse))
#2 /Applications/XAMPP/xamppfiles/htdocs/Beachchopp-novo/app/webroot/index.php(92): Dispatcher->dispatch(Object(CakeRequest), Object(CakeResponse))
#3 {main}
2012-08-16 17:43:21 Error: [MissingControllerException] Controller class ProdutosController could not be found.
#0 /Applications/XAMPP/xamppfiles/htdocs/Beachchopp-novo/app/webroot/index.php(92): Dispatcher->dispatch(Object(CakeRequest), Object(CakeResponse))
#1 {main}
2012-08-16 17:43:21 Error: [MissingActionException] Action AppController::webroot() could not be found.
#0 /Applications/XAMPP/xamppfiles/htdocs/Beachchopp-novo/lib/Cake/Routing/Dispatcher.php(186): Controller->invokeAction(Object(CakeRequest))
#1 /Applications/XAMPP/xamppfiles/htdocs/Beachchopp-novo/lib/Cake/Routing/Dispatcher.php(161): Dispatcher->_invoke(Object(AppController), Object(CakeRequest), Object(CakeResponse))
#2 /Applications/XAMPP/xamppfiles/htdocs/Beachchopp-novo/app/webroot/index.php(92): Dispatcher->dispatch(Object(CakeRequest), Object(CakeResponse))
#3 {main}
2012-08-16 17:44:57 Error: [MissingControllerException] Controller class JsController could not be found.
#0 /Applications/XAMPP/xamppfiles/htdocs/Beachchopp-novo/app/webroot/index.php(92): Dispatcher->dispatch(Object(CakeRequest), Object(CakeResponse))
#1 {main}
2012-08-16 17:45:42 Error: [MissingControllerException] Controller class JsController could not be found.
#0 /Applications/XAMPP/xamppfiles/htdocs/Beachchopp-novo/app/webroot/index.php(92): Dispatcher->dispatch(Object(CakeRequest), Object(CakeResponse))
#1 {main}
2012-08-16 17:45:43 Error: [MissingActionException] Action AppController::webroot() could not be found.
#0 /Applications/XAMPP/xamppfiles/htdocs/Beachchopp-novo/lib/Cake/Routing/Dispatcher.php(186): Controller->invokeAction(Object(CakeRequest))
#1 /Applications/XAMPP/xamppfiles/htdocs/Beachchopp-novo/lib/Cake/Routing/Dispatcher.php(161): Dispatcher->_invoke(Object(AppController), Object(CakeRequest), Object(CakeResponse))
#2 /Applications/XAMPP/xamppfiles/htdocs/Beachchopp-novo/app/webroot/index.php(92): Dispatcher->dispatch(Object(CakeRequest), Object(CakeResponse))
#3 {main}
2012-08-16 17:46:22 Error: [MissingControllerException] Controller class JsController could not be found.
#0 /Applications/XAMPP/xamppfiles/htdocs/Beachchopp-novo/app/webroot/index.php(92): Dispatcher->dispatch(Object(CakeRequest), Object(CakeResponse))
#1 {main}
2012-08-16 17:46:23 Error: [MissingActionException] Action AppController::webroot() could not be found.
#0 /Applications/XAMPP/xamppfiles/htdocs/Beachchopp-novo/lib/Cake/Routing/Dispatcher.php(186): Controller->invokeAction(Object(CakeRequest))
#1 /Applications/XAMPP/xamppfiles/htdocs/Beachchopp-novo/lib/Cake/Routing/Dispatcher.php(161): Dispatcher->_invoke(Object(AppController), Object(CakeRequest), Object(CakeResponse))
#2 /Applications/XAMPP/xamppfiles/htdocs/Beachchopp-novo/app/webroot/index.php(92): Dispatcher->dispatch(Object(CakeRequest), Object(CakeResponse))
#3 {main}
2012-08-16 17:46:47 Error: [MissingActionException] Action AppController::webroot() could not be found.
#0 /Applications/XAMPP/xamppfiles/htdocs/Beachchopp-novo/lib/Cake/Routing/Dispatcher.php(186): Controller->invokeAction(Object(CakeRequest))
#1 /Applications/XAMPP/xamppfiles/htdocs/Beachchopp-novo/lib/Cake/Routing/Dispatcher.php(161): Dispatcher->_invoke(Object(AppController), Object(CakeRequest), Object(CakeResponse))
#2 /Applications/XAMPP/xamppfiles/htdocs/Beachchopp-novo/app/webroot/index.php(92): Dispatcher->dispatch(Object(CakeRequest), Object(CakeResponse))
#3 {main}
2012-08-16 17:49:40 Error: [MissingActionException] Action AppController::webroot() could not be found.
#0 /Applications/XAMPP/xamppfiles/htdocs/Beachchopp-novo/lib/Cake/Routing/Dispatcher.php(186): Controller->invokeAction(Object(CakeRequest))
#1 /Applications/XAMPP/xamppfiles/htdocs/Beachchopp-novo/lib/Cake/Routing/Dispatcher.php(161): Dispatcher->_invoke(Object(AppController), Object(CakeRequest), Object(CakeResponse))
#2 /Applications/XAMPP/xamppfiles/htdocs/Beachchopp-novo/app/webroot/index.php(92): Dispatcher->dispatch(Object(CakeRequest), Object(CakeResponse))
#3 {main}
2012-08-16 17:49:43 Error: [MissingActionException] Action AppController::webroot() could not be found.
#0 /Applications/XAMPP/xamppfiles/htdocs/Beachchopp-novo/lib/Cake/Routing/Dispatcher.php(186): Controller->invokeAction(Object(CakeRequest))
#1 /Applications/XAMPP/xamppfiles/htdocs/Beachchopp-novo/lib/Cake/Routing/Dispatcher.php(161): Dispatcher->_invoke(Object(AppController), Object(CakeRequest), Object(CakeResponse))
#2 /Applications/XAMPP/xamppfiles/htdocs/Beachchopp-novo/app/webroot/index.php(92): Dispatcher->dispatch(Object(CakeRequest), Object(CakeResponse))
#3 {main}
2012-08-16 17:50:19 Error: [MissingActionException] Action AppController::webroot() could not be found.
#0 /Applications/XAMPP/xamppfiles/htdocs/Beachchopp-novo/lib/Cake/Routing/Dispatcher.php(186): Controller->invokeAction(Object(CakeRequest))
#1 /Applications/XAMPP/xamppfiles/htdocs/Beachchopp-novo/lib/Cake/Routing/Dispatcher.php(161): Dispatcher->_invoke(Object(AppController), Object(CakeRequest), Object(CakeResponse))
#2 /Applications/XAMPP/xamppfiles/htdocs/Beachchopp-novo/app/webroot/index.php(92): Dispatcher->dispatch(Object(CakeRequest), Object(CakeResponse))
#3 {main}
2012-08-16 17:50:34 Error: [MissingActionException] Action AppController::webroot() could not be found.
#0 /Applications/XAMPP/xamppfiles/htdocs/Beachchopp-novo/lib/Cake/Routing/Dispatcher.php(186): Controller->invokeAction(Object(CakeRequest))
#1 /Applications/XAMPP/xamppfiles/htdocs/Beachchopp-novo/lib/Cake/Routing/Dispatcher.php(161): Dispatcher->_invoke(Object(AppController), Object(CakeRequest), Object(CakeResponse))
#2 /Applications/XAMPP/xamppfiles/htdocs/Beachchopp-novo/app/webroot/index.php(92): Dispatcher->dispatch(Object(CakeRequest), Object(CakeResponse))
#3 {main}
2012-08-16 17:50:38 Error: [MissingActionException] Action AppController::webroot() could not be found.
#0 /Applications/XAMPP/xamppfiles/htdocs/Beachchopp-novo/lib/Cake/Routing/Dispatcher.php(186): Controller->invokeAction(Object(CakeRequest))
#1 /Applications/XAMPP/xamppfiles/htdocs/Beachchopp-novo/lib/Cake/Routing/Dispatcher.php(161): Dispatcher->_invoke(Object(AppController), Object(CakeRequest), Object(CakeResponse))
#2 /Applications/XAMPP/xamppfiles/htdocs/Beachchopp-novo/app/webroot/index.php(92): Dispatcher->dispatch(Object(CakeRequest), Object(CakeResponse))
#3 {main}
2012-08-16 17:53:42 Error: Fatal Error (4): syntax error, unexpected '<' in [/Applications/XAMPP/xamppfiles/htdocs/Beachchopp-novo/app/View/Enderecos/adiciona.ctp, line 2]
2012-08-16 17:53:42 Error: [FatalErrorException] syntax error, unexpected '<'
#0 /Applications/XAMPP/xamppfiles/htdocs/Beachchopp-novo/lib/Cake/Error/ErrorHandler.php(162): ErrorHandler::handleFatalError(4, 'syntax error, u...', '/Applications/X...', 2)
#1 [internal function]: ErrorHandler::handleError(4, 'syntax error, u...', '/Applications/X...', 2, Array)
#2 /Applications/XAMPP/xamppfiles/htdocs/Beachchopp-novo/lib/Cake/Core/App.php(926): call_user_func('ErrorHandler::h...', 4, 'syntax error, u...', '/Applications/X...', 2, Array)
#3 /Applications/XAMPP/xamppfiles/htdocs/Beachchopp-novo/lib/Cake/Core/App.php(899): App::_checkFatalError()
#4 [internal function]: App::shutdown()
#5 {main}
2012-08-16 17:53:51 Error: [MissingActionException] Action AppController::webroot() could not be found.
#0 /Applications/XAMPP/xamppfiles/htdocs/Beachchopp-novo/lib/Cake/Routing/Dispatcher.php(186): Controller->invokeAction(Object(CakeRequest))
#1 /Applications/XAMPP/xamppfiles/htdocs/Beachchopp-novo/lib/Cake/Routing/Dispatcher.php(161): Dispatcher->_invoke(Object(AppController), Object(CakeRequest), Object(CakeResponse))
#2 /Applications/XAMPP/xamppfiles/htdocs/Beachchopp-novo/app/webroot/index.php(92): Dispatcher->dispatch(Object(CakeRequest), Object(CakeResponse))
#3 {main}
2012-08-16 17:57:43 Error: [MissingControllerException] Controller class UsersController could not be found.
#0 /Applications/XAMPP/xamppfiles/htdocs/Beachchopp-novo/app/webroot/index.php(92): Dispatcher->dispatch(Object(CakeRequest), Object(CakeResponse))
#1 {main}
2012-08-16 17:57:43 Error: [MissingActionException] Action AppController::webroot() could not be found.
#0 /Applications/XAMPP/xamppfiles/htdocs/Beachchopp-novo/lib/Cake/Routing/Dispatcher.php(186): Controller->invokeAction(Object(CakeRequest))
#1 /Applications/XAMPP/xamppfiles/htdocs/Beachchopp-novo/lib/Cake/Routing/Dispatcher.php(161): Dispatcher->_invoke(Object(AppController), Object(CakeRequest), Object(CakeResponse))
#2 /Applications/XAMPP/xamppfiles/htdocs/Beachchopp-novo/app/webroot/index.php(92): Dispatcher->dispatch(Object(CakeRequest), Object(CakeResponse))
#3 {main}
2012-08-16 17:58:19 Error: [MissingActionException] Action AppController::webroot() could not be found.
#0 /Applications/XAMPP/xamppfiles/htdocs/Beachchopp-novo/lib/Cake/Routing/Dispatcher.php(186): Controller->invokeAction(Object(CakeRequest))
#1 /Applications/XAMPP/xamppfiles/htdocs/Beachchopp-novo/lib/Cake/Routing/Dispatcher.php(161): Dispatcher->_invoke(Object(AppController), Object(CakeRequest), Object(CakeResponse))
#2 /Applications/XAMPP/xamppfiles/htdocs/Beachchopp-novo/app/webroot/index.php(92): Dispatcher->dispatch(Object(CakeRequest), Object(CakeResponse))
#3 {main}
2012-08-16 17:58:35 Error: [MissingControllerException] Controller class ProdutosController could not be found.
#0 /Applications/XAMPP/xamppfiles/htdocs/Beachchopp-novo/app/webroot/index.php(92): Dispatcher->dispatch(Object(CakeRequest), Object(CakeResponse))
#1 {main}
2012-08-16 17:58:36 Error: [MissingActionException] Action AppController::webroot() could not be found.
#0 /Applications/XAMPP/xamppfiles/htdocs/Beachchopp-novo/lib/Cake/Routing/Dispatcher.php(186): Controller->invokeAction(Object(CakeRequest))
#1 /Applications/XAMPP/xamppfiles/htdocs/Beachchopp-novo/lib/Cake/Routing/Dispatcher.php(161): Dispatcher->_invoke(Object(AppController), Object(CakeRequest), Object(CakeResponse))
#2 /Applications/XAMPP/xamppfiles/htdocs/Beachchopp-novo/app/webroot/index.php(92): Dispatcher->dispatch(Object(CakeRequest), Object(CakeResponse))
#3 {main}
2012-08-16 17:58:43 Error: [MissingActionException] Action AppController::webroot() could not be found.
#0 /Applications/XAMPP/xamppfiles/htdocs/Beachchopp-novo/lib/Cake/Routing/Dispatcher.php(186): Controller->invokeAction(Object(CakeRequest))
#1 /Applications/XAMPP/xamppfiles/htdocs/Beachchopp-novo/lib/Cake/Routing/Dispatcher.php(161): Dispatcher->_invoke(Object(AppController), Object(CakeRequest), Object(CakeResponse))
#2 /Applications/XAMPP/xamppfiles/htdocs/Beachchopp-novo/app/webroot/index.php(92): Dispatcher->dispatch(Object(CakeRequest), Object(CakeResponse))
#3 {main}
2012-08-16 18:06:41 Error: [MissingActionException] Action AppController::webroot() could not be found.
#0 /Applications/XAMPP/xamppfiles/htdocs/Beachchopp-novo/lib/Cake/Routing/Dispatcher.php(186): Controller->invokeAction(Object(CakeRequest))
#1 /Applications/XAMPP/xamppfiles/htdocs/Beachchopp-novo/lib/Cake/Routing/Dispatcher.php(161): Dispatcher->_invoke(Object(AppController), Object(CakeRequest), Object(CakeResponse))
#2 /Applications/XAMPP/xamppfiles/htdocs/Beachchopp-novo/app/webroot/index.php(92): Dispatcher->dispatch(Object(CakeRequest), Object(CakeResponse))
#3 {main}
2012-08-16 18:06:45 Error: [MissingActionException] Action AppController::webroot() could not be found.
#0 /Applications/XAMPP/xamppfiles/htdocs/Beachchopp-novo/lib/Cake/Routing/Dispatcher.php(186): Controller->invokeAction(Object(CakeRequest))
#1 /Applications/XAMPP/xamppfiles/htdocs/Beachchopp-novo/lib/Cake/Routing/Dispatcher.php(161): Dispatcher->_invoke(Object(AppController), Object(CakeRequest), Object(CakeResponse))
#2 /Applications/XAMPP/xamppfiles/htdocs/Beachchopp-novo/app/webroot/index.php(92): Dispatcher->dispatch(Object(CakeRequest), Object(CakeResponse))
#3 {main}
2012-08-16 18:07:30 Error: [MissingTableException] Table clientes for model Cliente was not found in datasource default.
#0 /Applications/XAMPP/xamppfiles/htdocs/Beachchopp-novo/lib/Cake/Model/Model.php(3180): Model->setSource('clientes')
#1 /Applications/XAMPP/xamppfiles/htdocs/Beachchopp-novo/lib/Cake/Model/Model.php(2732): Model->getDataSource()
#2 /Applications/XAMPP/xamppfiles/htdocs/Beachchopp-novo/lib/Cake/Model/Model.php(2668): Model->_findCount('before', Array)
#3 /Applications/XAMPP/xamppfiles/htdocs/Beachchopp-novo/lib/Cake/Model/Model.php(2626): Model->buildQuery('count', Array)
#4 /Applications/XAMPP/xamppfiles/htdocs/Beachchopp-novo/app/Controller/UsersController.php(38): Model->find('count')
#5 [internal function]: UsersController->painel()
#6 /Applications/XAMPP/xamppfiles/htdocs/Beachchopp-novo/lib/Cake/Controller/Controller.php(485): ReflectionMethod->invokeArgs(Object(UsersController), Array)
#7 /Applications/XAMPP/xamppfiles/htdocs/Beachchopp-novo/lib/Cake/Routing/Dispatcher.php(186): Controller->invokeAction(Object(CakeRequest))
#8 /Applications/XAMPP/xamppfiles/htdocs/Beachchopp-novo/lib/Cake/Routing/Dispatcher.php(161): Dispatcher->_invoke(Object(UsersController), Object(CakeRequest), Object(CakeResponse))
#9 /Applications/XAMPP/xamppfiles/htdocs/Beachchopp-novo/app/webroot/index.php(92): Dispatcher->dispatch(Object(CakeRequest), Object(CakeResponse))
#10 {main}
2012-08-16 18:07:31 Error: [MissingActionException] Action AppController::webroot() could not be found.
#0 /Applications/XAMPP/xamppfiles/htdocs/Beachchopp-novo/lib/Cake/Routing/Dispatcher.php(186): Controller->invokeAction(Object(CakeRequest))
#1 /Applications/XAMPP/xamppfiles/htdocs/Beachchopp-novo/lib/Cake/Routing/Dispatcher.php(161): Dispatcher->_invoke(Object(AppController), Object(CakeRequest), Object(CakeResponse))
#2 /Applications/XAMPP/xamppfiles/htdocs/Beachchopp-novo/app/webroot/index.php(92): Dispatcher->dispatch(Object(CakeRequest), Object(CakeResponse))
#3 {main}
2012-08-16 18:09:18 Error: Fatal Error (1): Call to a member function find() on a non-object in [/Applications/XAMPP/xamppfiles/htdocs/Beachchopp-novo/app/Controller/UsersController.php, line 36]
2012-08-16 18:09:18 Error: [FatalErrorException] Call to a member function find() on a non-object
#0 /Applications/XAMPP/xamppfiles/htdocs/Beachchopp-novo/lib/Cake/Error/ErrorHandler.php(162): ErrorHandler::handleFatalError(1, 'Call to a membe...', '/Applications/X...', 36)
#1 [internal function]: ErrorHandler::handleError(1, 'Call to a membe...', '/Applications/X...', 36, Array)
#2 /Applications/XAMPP/xamppfiles/htdocs/Beachchopp-novo/lib/Cake/Core/App.php(926): call_user_func('ErrorHandler::h...', 1, 'Call to a membe...', '/Applications/X...', 36, Array)
#3 /Applications/XAMPP/xamppfiles/htdocs/Beachchopp-novo/lib/Cake/Core/App.php(899): App::_checkFatalError()
#4 [internal function]: App::shutdown()
#5 {main}
2012-08-16 18:09:19 Error: [MissingActionException] Action AppController::webroot() could not be found.
#0 /Applications/XAMPP/xamppfiles/htdocs/Beachchopp-novo/lib/Cake/Routing/Dispatcher.php(186): Controller->invokeAction(Object(CakeRequest))
#1 /Applications/XAMPP/xamppfiles/htdocs/Beachchopp-novo/lib/Cake/Routing/Dispatcher.php(161): Dispatcher->_invoke(Object(AppController), Object(CakeRequest), Object(CakeResponse))
#2 /Applications/XAMPP/xamppfiles/htdocs/Beachchopp-novo/app/webroot/index.php(92): Dispatcher->dispatch(Object(CakeRequest), Object(CakeResponse))
#3 {main}
2012-08-16 18:09:34 Error: [MissingActionException] Action AppController::webroot() could not be found.
#0 /Applications/XAMPP/xamppfiles/htdocs/Beachchopp-novo/lib/Cake/Routing/Dispatcher.php(186): Controller->invokeAction(Object(CakeRequest))
#1 /Applications/XAMPP/xamppfiles/htdocs/Beachchopp-novo/lib/Cake/Routing/Dispatcher.php(161): Dispatcher->_invoke(Object(AppController), Object(CakeRequest), Object(CakeResponse))
#2 /Applications/XAMPP/xamppfiles/htdocs/Beachchopp-novo/app/webroot/index.php(92): Dispatcher->dispatch(Object(CakeRequest), Object(CakeResponse))
#3 {main}
2012-08-16 18:09:34 Error: [MissingControllerException] Controller class ImgController could not be found.
#0 /Applications/XAMPP/xamppfiles/htdocs/Beachchopp-novo/app/webroot/index.php(92): Dispatcher->dispatch(Object(CakeRequest), Object(CakeResponse))
#1 {main}
2012-08-16 18:09:53 Error: [MissingActionException] Action AppController::webroot() could not be found.
#0 /Applications/XAMPP/xamppfiles/htdocs/Beachchopp-novo/lib/Cake/Routing/Dispatcher.php(186): Controller->invokeAction(Object(CakeRequest))
#1 /Applications/XAMPP/xamppfiles/htdocs/Beachchopp-novo/lib/Cake/Routing/Dispatcher.php(161): Dispatcher->_invoke(Object(AppController), Object(CakeRequest), Object(CakeResponse))
#2 /Applications/XAMPP/xamppfiles/htdocs/Beachchopp-novo/app/webroot/index.php(92): Dispatcher->dispatch(Object(CakeRequest), Object(CakeResponse))
#3 {main}
2012-08-16 18:10:09 Error: [MissingActionException] Action AppController::webroot() could not be found.
#0 /Applications/XAMPP/xamppfiles/htdocs/Beachchopp-novo/lib/Cake/Routing/Dispatcher.php(186): Controller->invokeAction(Object(CakeRequest))
#1 /Applications/XAMPP/xamppfiles/htdocs/Beachchopp-novo/lib/Cake/Routing/Dispatcher.php(161): Dispatcher->_invoke(Object(AppController), Object(CakeRequest), Object(CakeResponse))
#2 /Applications/XAMPP/xamppfiles/htdocs/Beachchopp-novo/app/webroot/index.php(92): Dispatcher->dispatch(Object(CakeRequest), Object(CakeResponse))
#3 {main}
2012-08-16 18:11:35 Error: [MissingActionException] Action AppController::webroot() could not be found.
#0 /Applications/XAMPP/xamppfiles/htdocs/Beachchopp-novo/lib/Cake/Routing/Dispatcher.php(186): Controller->invokeAction(Object(CakeRequest))
#1 /Applications/XAMPP/xamppfiles/htdocs/Beachchopp-novo/lib/Cake/Routing/Dispatcher.php(161): Dispatcher->_invoke(Object(AppController), Object(CakeRequest), Object(CakeResponse))
#2 /Applications/XAMPP/xamppfiles/htdocs/Beachchopp-novo/app/webroot/index.php(92): Dispatcher->dispatch(Object(CakeRequest), Object(CakeResponse))
#3 {main}
2012-08-16 18:11:45 Error: [MissingActionException] Action AppController::webroot() could not be found.
#0 /Applications/XAMPP/xamppfiles/htdocs/Beachchopp-novo/lib/Cake/Routing/Dispatcher.php(186): Controller->invokeAction(Object(CakeRequest))
#1 /Applications/XAMPP/xamppfiles/htdocs/Beachchopp-novo/lib/Cake/Routing/Dispatcher.php(161): Dispatcher->_invoke(Object(AppController), Object(CakeRequest), Object(CakeResponse))
#2 /Applications/XAMPP/xamppfiles/htdocs/Beachchopp-novo/app/webroot/index.php(92): Dispatcher->dispatch(Object(CakeRequest), Object(CakeResponse))
#3 {main}
2012-08-16 18:13:06 Error: [MissingActionException] Action AppController::webroot() could not be found.
#0 /Applications/XAMPP/xamppfiles/htdocs/Beachchopp-novo/lib/Cake/Routing/Dispatcher.php(186): Controller->invokeAction(Object(CakeRequest))
#1 /Applications/XAMPP/xamppfiles/htdocs/Beachchopp-novo/lib/Cake/Routing/Dispatcher.php(161): Dispatcher->_invoke(Object(AppController), Object(CakeRequest), Object(CakeResponse))
#2 /Applications/XAMPP/xamppfiles/htdocs/Beachchopp-novo/app/webroot/index.php(92): Dispatcher->dispatch(Object(CakeRequest), Object(CakeResponse))
#3 {main}
2012-08-16 18:14:06 Error: [MissingActionException] Action AppController::webroot() could not be found.
#0 /Applications/XAMPP/xamppfiles/htdocs/Beachchopp-novo/lib/Cake/Routing/Dispatcher.php(186): Controller->invokeAction(Object(CakeRequest))
#1 /Applications/XAMPP/xamppfiles/htdocs/Beachchopp-novo/lib/Cake/Routing/Dispatcher.php(161): Dispatcher->_invoke(Object(AppController), Object(CakeRequest), Object(CakeResponse))
#2 /Applications/XAMPP/xamppfiles/htdocs/Beachchopp-novo/app/webroot/index.php(92): Dispatcher->dispatch(Object(CakeRequest), Object(CakeResponse))
#3 {main}
2012-08-16 18:14:31 Error: [MissingActionException] Action AppController::webroot() could not be found.
#0 /Applications/XAMPP/xamppfiles/htdocs/Beachchopp-novo/lib/Cake/Routing/Dispatcher.php(186): Controller->invokeAction(Object(CakeRequest))
#1 /Applications/XAMPP/xamppfiles/htdocs/Beachchopp-novo/lib/Cake/Routing/Dispatcher.php(161): Dispatcher->_invoke(Object(AppController), Object(CakeRequest), Object(CakeResponse))
#2 /Applications/XAMPP/xamppfiles/htdocs/Beachchopp-novo/app/webroot/index.php(92): Dispatcher->dispatch(Object(CakeRequest), Object(CakeResponse))
#3 {main}
2012-08-16 18:15:07 Error: [MissingActionException] Action AppController::webroot() could not be found.
#0 /Applications/XAMPP/xamppfiles/htdocs/Beachchopp-novo/lib/Cake/Routing/Dispatcher.php(186): Controller->invokeAction(Object(CakeRequest))
#1 /Applications/XAMPP/xamppfiles/htdocs/Beachchopp-novo/lib/Cake/Routing/Dispatcher.php(161): Dispatcher->_invoke(Object(AppController), Object(CakeRequest), Object(CakeResponse))
#2 /Applications/XAMPP/xamppfiles/htdocs/Beachchopp-novo/app/webroot/index.php(92): Dispatcher->dispatch(Object(CakeRequest), Object(CakeResponse))
#3 {main}
2012-08-16 18:15:39 Error: Fatal Error (4): syntax error, unexpected ',', expecting ')' in [/Applications/XAMPP/xamppfiles/htdocs/Beachchopp-novo/app/View/Users/login.ctp, line 37]
2012-08-16 18:15:39 Error: [FatalErrorException] syntax error, unexpected ',', expecting ')'
#0 /Applications/XAMPP/xamppfiles/htdocs/Beachchopp-novo/lib/Cake/Error/ErrorHandler.php(162): ErrorHandler::handleFatalError(4, 'syntax error, u...', '/Applications/X...', 37)
#1 [internal function]: ErrorHandler::handleError(4, 'syntax error, u...', '/Applications/X...', 37, Array)
#2 /Applications/XAMPP/xamppfiles/htdocs/Beachchopp-novo/lib/Cake/Core/App.php(926): call_user_func('ErrorHandler::h...', 4, 'syntax error, u...', '/Applications/X...', 37, Array)
#3 /Applications/XAMPP/xamppfiles/htdocs/Beachchopp-novo/lib/Cake/Core/App.php(899): App::_checkFatalError()
#4 [internal function]: App::shutdown()
#5 {main}
2012-08-16 18:15:54 Error: [MissingActionException] Action AppController::webroot() could not be found.
#0 /Applications/XAMPP/xamppfiles/htdocs/Beachchopp-novo/lib/Cake/Routing/Dispatcher.php(186): Controller->invokeAction(Object(CakeRequest))
#1 /Applications/XAMPP/xamppfiles/htdocs/Beachchopp-novo/lib/Cake/Routing/Dispatcher.php(161): Dispatcher->_invoke(Object(AppController), Object(CakeRequest), Object(CakeResponse))
#2 /Applications/XAMPP/xamppfiles/htdocs/Beachchopp-novo/app/webroot/index.php(92): Dispatcher->dispatch(Object(CakeRequest), Object(CakeResponse))
#3 {main}
2012-08-16 18:16:10 Error: [MissingActionException] Action AppController::webroot() could not be found.
#0 /Applications/XAMPP/xamppfiles/htdocs/Beachchopp-novo/lib/Cake/Routing/Dispatcher.php(186): Controller->invokeAction(Object(CakeRequest))
#1 /Applications/XAMPP/xamppfiles/htdocs/Beachchopp-novo/lib/Cake/Routing/Dispatcher.php(161): Dispatcher->_invoke(Object(AppController), Object(CakeRequest), Object(CakeResponse))
#2 /Applications/XAMPP/xamppfiles/htdocs/Beachchopp-novo/app/webroot/index.php(92): Dispatcher->dispatch(Object(CakeRequest), Object(CakeResponse))
#3 {main}
2012-08-16 18:16:33 Error: [MissingActionException] Action AppController::webroot() could not be found.
#0 /Applications/XAMPP/xamppfiles/htdocs/Beachchopp-novo/lib/Cake/Routing/Dispatcher.php(186): Controller->invokeAction(Object(CakeRequest))
#1 /Applications/XAMPP/xamppfiles/htdocs/Beachchopp-novo/lib/Cake/Routing/Dispatcher.php(161): Dispatcher->_invoke(Object(AppController), Object(CakeRequest), Object(CakeResponse))
#2 /Applications/XAMPP/xamppfiles/htdocs/Beachchopp-novo/app/webroot/index.php(92): Dispatcher->dispatch(Object(CakeRequest), Object(CakeResponse))
#3 {main}
2012-08-16 18:16:41 Error: [MissingActionException] Action AppController::webroot() could not be found.
#0 /Applications/XAMPP/xamppfiles/htdocs/Beachchopp-novo/lib/Cake/Routing/Dispatcher.php(186): Controller->invokeAction(Object(CakeRequest))
#1 /Applications/XAMPP/xamppfiles/htdocs/Beachchopp-novo/lib/Cake/Routing/Dispatcher.php(161): Dispatcher->_invoke(Object(AppController), Object(CakeRequest), Object(CakeResponse))
#2 /Applications/XAMPP/xamppfiles/htdocs/Beachchopp-novo/app/webroot/index.php(92): Dispatcher->dispatch(Object(CakeRequest), Object(CakeResponse))
#3 {main}
2012-08-16 18:16:56 Error: [MissingActionException] Action AppController::webroot() could not be found.
#0 /Applications/XAMPP/xamppfiles/htdocs/Beachchopp-novo/lib/Cake/Routing/Dispatcher.php(186): Controller->invokeAction(Object(CakeRequest))
#1 /Applications/XAMPP/xamppfiles/htdocs/Beachchopp-novo/lib/Cake/Routing/Dispatcher.php(161): Dispatcher->_invoke(Object(AppController), Object(CakeRequest), Object(CakeResponse))
#2 /Applications/XAMPP/xamppfiles/htdocs/Beachchopp-novo/app/webroot/index.php(92): Dispatcher->dispatch(Object(CakeRequest), Object(CakeResponse))
#3 {main}
2012-08-16 18:17:09 Error: [MissingActionException] Action AppController::webroot() could not be found.
#0 /Applications/XAMPP/xamppfiles/htdocs/Beachchopp-novo/lib/Cake/Routing/Dispatcher.php(186): Controller->invokeAction(Object(CakeRequest))
#1 /Applications/XAMPP/xamppfiles/htdocs/Beachchopp-novo/lib/Cake/Routing/Dispatcher.php(161): Dispatcher->_invoke(Object(AppController), Object(CakeRequest), Object(CakeResponse))
#2 /Applications/XAMPP/xamppfiles/htdocs/Beachchopp-novo/app/webroot/index.php(92): Dispatcher->dispatch(Object(CakeRequest), Object(CakeResponse))
#3 {main}
2012-08-16 18:17:58 Error: [MissingActionException] Action AppController::webroot() could not be found.
#0 /Applications/XAMPP/xamppfiles/htdocs/Beachchopp-novo/lib/Cake/Routing/Dispatcher.php(186): Controller->invokeAction(Object(CakeRequest))
#1 /Applications/XAMPP/xamppfiles/htdocs/Beachchopp-novo/lib/Cake/Routing/Dispatcher.php(161): Dispatcher->_invoke(Object(AppController), Object(CakeRequest), Object(CakeResponse))
#2 /Applications/XAMPP/xamppfiles/htdocs/Beachchopp-novo/app/webroot/index.php(92): Dispatcher->dispatch(Object(CakeRequest), Object(CakeResponse))
#3 {main}
2012-08-16 18:18:30 Error: [MissingActionException] Action AppController::webroot() could not be found.
#0 /Applications/XAMPP/xamppfiles/htdocs/Beachchopp-novo/lib/Cake/Routing/Dispatcher.php(186): Controller->invokeAction(Object(CakeRequest))
#1 /Applications/XAMPP/xamppfiles/htdocs/Beachchopp-novo/lib/Cake/Routing/Dispatcher.php(161): Dispatcher->_invoke(Object(AppController), Object(CakeRequest), Object(CakeResponse))
#2 /Applications/XAMPP/xamppfiles/htdocs/Beachchopp-novo/app/webroot/index.php(92): Dispatcher->dispatch(Object(CakeRequest), Object(CakeResponse))
#3 {main}
2012-08-16 18:21:13 Error: [MissingActionException] Action AppController::webroot() could not be found.
#0 /Applications/XAMPP/xamppfiles/htdocs/Beachchopp-novo/lib/Cake/Routing/Dispatcher.php(186): Controller->invokeAction(Object(CakeRequest))
#1 /Applications/XAMPP/xamppfiles/htdocs/Beachchopp-novo/lib/Cake/Routing/Dispatcher.php(161): Dispatcher->_invoke(Object(AppController), Object(CakeRequest), Object(CakeResponse))
#2 /Applications/XAMPP/xamppfiles/htdocs/Beachchopp-novo/app/webroot/index.php(92): Dispatcher->dispatch(Object(CakeRequest), Object(CakeResponse))
#3 {main}
2012-08-16 18:21:29 Error: [MissingActionException] Action AppController::webroot() could not be found.
#0 /Applications/XAMPP/xamppfiles/htdocs/Beachchopp-novo/lib/Cake/Routing/Dispatcher.php(186): Controller->invokeAction(Object(CakeRequest))
#1 /Applications/XAMPP/xamppfiles/htdocs/Beachchopp-novo/lib/Cake/Routing/Dispatcher.php(161): Dispatcher->_invoke(Object(AppController), Object(CakeRequest), Object(CakeResponse))
#2 /Applications/XAMPP/xamppfiles/htdocs/Beachchopp-novo/app/webroot/index.php(92): Dispatcher->dispatch(Object(CakeRequest), Object(CakeResponse))
#3 {main}
2012-08-16 18:21:29 Error: [MissingActionException] Action AppController::webroot() could not be found.
#0 /Applications/XAMPP/xamppfiles/htdocs/Beachchopp-novo/lib/Cake/Routing/Dispatcher.php(186): Controller->invokeAction(Object(CakeRequest))
#1 /Applications/XAMPP/xamppfiles/htdocs/Beachchopp-novo/lib/Cake/Routing/Dispatcher.php(161): Dispatcher->_invoke(Object(AppController), Object(CakeRequest), Object(CakeResponse))
#2 /Applications/XAMPP/xamppfiles/htdocs/Beachchopp-novo/app/webroot/index.php(92): Dispatcher->dispatch(Object(CakeRequest), Object(CakeResponse))
#3 {main}
2012-08-16 18:24:18 Error: [MissingActionException] Action AppController::webroot() could not be found.
#0 /Applications/XAMPP/xamppfiles/htdocs/Beachchopp-novo/lib/Cake/Routing/Dispatcher.php(186): Controller->invokeAction(Object(CakeRequest))
#1 /Applications/XAMPP/xamppfiles/htdocs/Beachchopp-novo/lib/Cake/Routing/Dispatcher.php(161): Dispatcher->_invoke(Object(AppController), Object(CakeRequest), Object(CakeResponse))
#2 /Applications/XAMPP/xamppfiles/htdocs/Beachchopp-novo/app/webroot/index.php(92): Dispatcher->dispatch(Object(CakeRequest), Object(CakeResponse))
#3 {main}
2012-08-16 18:24:18 Error: [MissingActionException] Action AppController::webroot() could not be found.
#0 /Applications/XAMPP/xamppfiles/htdocs/Beachchopp-novo/lib/Cake/Routing/Dispatcher.php(186): Controller->invokeAction(Object(CakeRequest))
#1 /Applications/XAMPP/xamppfiles/htdocs/Beachchopp-novo/lib/Cake/Routing/Dispatcher.php(161): Dispatcher->_invoke(Object(AppController), Object(CakeRequest), Object(CakeResponse))
#2 /Applications/XAMPP/xamppfiles/htdocs/Beachchopp-novo/app/webroot/index.php(92): Dispatcher->dispatch(Object(CakeRequest), Object(CakeResponse))
#3 {main}
2012-08-16 18:24:36 Error: [MissingActionException] Action AppController::webroot() could not be found.
#0 /Applications/XAMPP/xamppfiles/htdocs/Beachchopp-novo/lib/Cake/Routing/Dispatcher.php(186): Controller->invokeAction(Object(CakeRequest))
#1 /Applications/XAMPP/xamppfiles/htdocs/Beachchopp-novo/lib/Cake/Routing/Dispatcher.php(161): Dispatcher->_invoke(Object(AppController), Object(CakeRequest), Object(CakeResponse))
#2 /Applications/XAMPP/xamppfiles/htdocs/Beachchopp-novo/app/webroot/index.php(92): Dispatcher->dispatch(Object(CakeRequest), Object(CakeResponse))
#3 {main}
2012-08-16 18:24:37 Error: [MissingActionException] Action AppController::webroot() could not be found.
#0 /Applications/XAMPP/xamppfiles/htdocs/Beachchopp-novo/lib/Cake/Routing/Dispatcher.php(186): Controller->invokeAction(Object(CakeRequest))
#1 /Applications/XAMPP/xamppfiles/htdocs/Beachchopp-novo/lib/Cake/Routing/Dispatcher.php(161): Dispatcher->_invoke(Object(AppController), Object(CakeRequest), Object(CakeResponse))
#2 /Applications/XAMPP/xamppfiles/htdocs/Beachchopp-novo/app/webroot/index.php(92): Dispatcher->dispatch(Object(CakeRequest), Object(CakeResponse))
#3 {main}
2012-08-16 18:25:02 Error: [MissingActionException] Action AppController::webroot() could not be found.
#0 /Applications/XAMPP/xamppfiles/htdocs/Beachchopp-novo/lib/Cake/Routing/Dispatcher.php(186): Controller->invokeAction(Object(CakeRequest))
#1 /Applications/XAMPP/xamppfiles/htdocs/Beachchopp-novo/lib/Cake/Routing/Dispatcher.php(161): Dispatcher->_invoke(Object(AppController), Object(CakeRequest), Object(CakeResponse))
#2 /Applications/XAMPP/xamppfiles/htdocs/Beachchopp-novo/app/webroot/index.php(92): Dispatcher->dispatch(Object(CakeRequest), Object(CakeResponse))
#3 {main}
2012-08-16 18:25:13 Error: [MissingActionException] Action AppController::webroot() could not be found.
#0 /Applications/XAMPP/xamppfiles/htdocs/Beachchopp-novo/lib/Cake/Routing/Dispatcher.php(186): Controller->invokeAction(Object(CakeRequest))
#1 /Applications/XAMPP/xamppfiles/htdocs/Beachchopp-novo/lib/Cake/Routing/Dispatcher.php(161): Dispatcher->_invoke(Object(AppController), Object(CakeRequest), Object(CakeResponse))
#2 /Applications/XAMPP/xamppfiles/htdocs/Beachchopp-novo/app/webroot/index.php(92): Dispatcher->dispatch(Object(CakeRequest), Object(CakeResponse))
#3 {main}
2012-08-16 18:25:15 Error: Fatal Error (1): Call to undefined method UsersController::salvaLog() in [/Applications/XAMPP/xamppfiles/htdocs/Beachchopp-novo/app/Controller/UsersController.php, line 18]
2012-08-16 18:25:15 Error: [FatalErrorException] Call to undefined method UsersController::salvaLog()
#0 /Applications/XAMPP/xamppfiles/htdocs/Beachchopp-novo/lib/Cake/Error/ErrorHandler.php(162): ErrorHandler::handleFatalError(1, 'Call to undefin...', '/Applications/X...', 18)
#1 [internal function]: ErrorHandler::handleError(1, 'Call to undefin...', '/Applications/X...', 18, Array)
#2 /Applications/XAMPP/xamppfiles/htdocs/Beachchopp-novo/lib/Cake/Core/App.php(926): call_user_func('ErrorHandler::h...', 1, 'Call to undefin...', '/Applications/X...', 18, Array)
#3 /Applications/XAMPP/xamppfiles/htdocs/Beachchopp-novo/lib/Cake/Core/App.php(899): App::_checkFatalError()
#4 [internal function]: App::shutdown()
#5 {main}
2012-08-16 18:25:17 Error: [MissingActionException] Action AppController::webroot() could not be found.
#0 /Applications/XAMPP/xamppfiles/htdocs/Beachchopp-novo/lib/Cake/Routing/Dispatcher.php(186): Controller->invokeAction(Object(CakeRequest))
#1 /Applications/XAMPP/xamppfiles/htdocs/Beachchopp-novo/lib/Cake/Routing/Dispatcher.php(161): Dispatcher->_invoke(Object(AppController), Object(CakeRequest), Object(CakeResponse))
#2 /Applications/XAMPP/xamppfiles/htdocs/Beachchopp-novo/app/webroot/index.php(92): Dispatcher->dispatch(Object(CakeRequest), Object(CakeResponse))
#3 {main}
2012-08-16 18:25:31 Error: Fatal Error (1): Call to undefined method UsersController::salvaLog() in [/Applications/XAMPP/xamppfiles/htdocs/Beachchopp-novo/app/Controller/UsersController.php, line 18]
2012-08-16 18:25:31 Error: [FatalErrorException] Call to undefined method UsersController::salvaLog()
#0 /Applications/XAMPP/xamppfiles/htdocs/Beachchopp-novo/lib/Cake/Error/ErrorHandler.php(162): ErrorHandler::handleFatalError(1, 'Call to undefin...', '/Applications/X...', 18)
#1 [internal function]: ErrorHandler::handleError(1, 'Call to undefin...', '/Applications/X...', 18, Array)
#2 /Applications/XAMPP/xamppfiles/htdocs/Beachchopp-novo/lib/Cake/Core/App.php(926): call_user_func('ErrorHandler::h...', 1, 'Call to undefin...', '/Applications/X...', 18, Array)
#3 /Applications/XAMPP/xamppfiles/htdocs/Beachchopp-novo/lib/Cake/Core/App.php(899): App::_checkFatalError()
#4 [internal function]: App::shutdown()
#5 {main}
2012-08-16 18:25:33 Error: [MissingActionException] Action AppController::webroot() could not be found.
#0 /Applications/XAMPP/xamppfiles/htdocs/Beachchopp-novo/lib/Cake/Routing/Dispatcher.php(186): Controller->invokeAction(Object(CakeRequest))
#1 /Applications/XAMPP/xamppfiles/htdocs/Beachchopp-novo/lib/Cake/Routing/Dispatcher.php(161): Dispatcher->_invoke(Object(AppController), Object(CakeRequest), Object(CakeResponse))
#2 /Applications/XAMPP/xamppfiles/htdocs/Beachchopp-novo/app/webroot/index.php(92): Dispatcher->dispatch(Object(CakeRequest), Object(CakeResponse))
#3 {main}
2012-08-16 18:25:44 Error: [MissingActionException] Action AppController::webroot() could not be found.
#0 /Applications/XAMPP/xamppfiles/htdocs/Beachchopp-novo/lib/Cake/Routing/Dispatcher.php(186): Controller->invokeAction(Object(CakeRequest))
#1 /Applications/XAMPP/xamppfiles/htdocs/Beachchopp-novo/lib/Cake/Routing/Dispatcher.php(161): Dispatcher->_invoke(Object(AppController), Object(CakeRequest), Object(CakeResponse))
#2 /Applications/XAMPP/xamppfiles/htdocs/Beachchopp-novo/app/webroot/index.php(92): Dispatcher->dispatch(Object(CakeRequest), Object(CakeResponse))
#3 {main}
2012-08-16 18:26:19 Error: [MissingActionException] Action AppController::webroot() could not be found.
#0 /Applications/XAMPP/xamppfiles/htdocs/Beachchopp-novo/lib/Cake/Routing/Dispatcher.php(186): Controller->invokeAction(Object(CakeRequest))
#1 /Applications/XAMPP/xamppfiles/htdocs/Beachchopp-novo/lib/Cake/Routing/Dispatcher.php(161): Dispatcher->_invoke(Object(AppController), Object(CakeRequest), Object(CakeResponse))
#2 /Applications/XAMPP/xamppfiles/htdocs/Beachchopp-novo/app/webroot/index.php(92): Dispatcher->dispatch(Object(CakeRequest), Object(CakeResponse))
#3 {main}
2012-08-16 18:30:37 Error: [MissingActionException] Action AppController::webroot() could not be found.
#0 /Applications/XAMPP/xamppfiles/htdocs/Beachchopp-novo/lib/Cake/Routing/Dispatcher.php(186): Controller->invokeAction(Object(CakeRequest))
#1 /Applications/XAMPP/xamppfiles/htdocs/Beachchopp-novo/lib/Cake/Routing/Dispatcher.php(161): Dispatcher->_invoke(Object(AppController), Object(CakeRequest), Object(CakeResponse))
#2 /Applications/XAMPP/xamppfiles/htdocs/Beachchopp-novo/app/webroot/index.php(92): Dispatcher->dispatch(Object(CakeRequest), Object(CakeResponse))
#3 {main}
2012-08-16 18:31:02 Error: [MissingActionException] Action AppController::webroot() could not be found.
#0 /Applications/XAMPP/xamppfiles/htdocs/Beachchopp-novo/lib/Cake/Routing/Dispatcher.php(186): Controller->invokeAction(Object(CakeRequest))
#1 /Applications/XAMPP/xamppfiles/htdocs/Beachchopp-novo/lib/Cake/Routing/Dispatcher.php(161): Dispatcher->_invoke(Object(AppController), Object(CakeRequest), Object(CakeResponse))
#2 /Applications/XAMPP/xamppfiles/htdocs/Beachchopp-novo/app/webroot/index.php(92): Dispatcher->dispatch(Object(CakeRequest), Object(CakeResponse))
#3 {main}
2012-08-16 18:32:42 Error: [MissingActionException] Action AppController::webroot() could not be found.
#0 /Applications/XAMPP/xamppfiles/htdocs/Beachchopp-novo/lib/Cake/Routing/Dispatcher.php(186): Controller->invokeAction(Object(CakeRequest))
#1 /Applications/XAMPP/xamppfiles/htdocs/Beachchopp-novo/lib/Cake/Routing/Dispatcher.php(161): Dispatcher->_invoke(Object(AppController), Object(CakeRequest), Object(CakeResponse))
#2 /Applications/XAMPP/xamppfiles/htdocs/Beachchopp-novo/app/webroot/index.php(92): Dispatcher->dispatch(Object(CakeRequest), Object(CakeResponse))
#3 {main}
2012-08-16 18:35:32 Error: [MissingActionException] Action AppController::webroot() could not be found.
#0 /Applications/XAMPP/xamppfiles/htdocs/Beachchopp-novo/lib/Cake/Routing/Dispatcher.php(186): Controller->invokeAction(Object(CakeRequest))
#1 /Applications/XAMPP/xamppfiles/htdocs/Beachchopp-novo/lib/Cake/Routing/Dispatcher.php(161): Dispatcher->_invoke(Object(AppController), Object(CakeRequest), Object(CakeResponse))
#2 /Applications/XAMPP/xamppfiles/htdocs/Beachchopp-novo/app/webroot/index.php(92): Dispatcher->dispatch(Object(CakeRequest), Object(CakeResponse))
#3 {main}
2012-08-16 18:35:35 Error: [MissingActionException] Action AppController::webroot() could not be found.
#0 /Applications/XAMPP/xamppfiles/htdocs/Beachchopp-novo/lib/Cake/Routing/Dispatcher.php(186): Controller->invokeAction(Object(CakeRequest))
#1 /Applications/XAMPP/xamppfiles/htdocs/Beachchopp-novo/lib/Cake/Routing/Dispatcher.php(161): Dispatcher->_invoke(Object(AppController), Object(CakeRequest), Object(CakeResponse))
#2 /Applications/XAMPP/xamppfiles/htdocs/Beachchopp-novo/app/webroot/index.php(92): Dispatcher->dispatch(Object(CakeRequest), Object(CakeResponse))
#3 {main}
2012-08-16 18:36:11 Error: [MissingActionException] Action AppController::webroot() could not be found.
#0 /Applications/XAMPP/xamppfiles/htdocs/Beachchopp-novo/lib/Cake/Routing/Dispatcher.php(186): Controller->invokeAction(Object(CakeRequest))
#1 /Applications/XAMPP/xamppfiles/htdocs/Beachchopp-novo/lib/Cake/Routing/Dispatcher.php(161): Dispatcher->_invoke(Object(AppController), Object(CakeRequest), Object(CakeResponse))
#2 /Applications/XAMPP/xamppfiles/htdocs/Beachchopp-novo/app/webroot/index.php(92): Dispatcher->dispatch(Object(CakeRequest), Object(CakeResponse))
#3 {main}
2012-08-16 18:36:14 Error: [MissingActionException] Action AppController::webroot() could not be found.
#0 /Applications/XAMPP/xamppfiles/htdocs/Beachchopp-novo/lib/Cake/Routing/Dispatcher.php(186): Controller->invokeAction(Object(CakeRequest))
#1 /Applications/XAMPP/xamppfiles/htdocs/Beachchopp-novo/lib/Cake/Routing/Dispatcher.php(161): Dispatcher->_invoke(Object(AppController), Object(CakeRequest), Object(CakeResponse))
#2 /Applications/XAMPP/xamppfiles/htdocs/Beachchopp-novo/app/webroot/index.php(92): Dispatcher->dispatch(Object(CakeRequest), Object(CakeResponse))
#3 {main}
2012-08-16 18:36:31 Error: [MissingActionException] Action AppController::webroot() could not be found.
#0 /Applications/XAMPP/xamppfiles/htdocs/Beachchopp-novo/lib/Cake/Routing/Dispatcher.php(186): Controller->invokeAction(Object(CakeRequest))
#1 /Applications/XAMPP/xamppfiles/htdocs/Beachchopp-novo/lib/Cake/Routing/Dispatcher.php(161): Dispatcher->_invoke(Object(AppController), Object(CakeRequest), Object(CakeResponse))
#2 /Applications/XAMPP/xamppfiles/htdocs/Beachchopp-novo/app/webroot/index.php(92): Dispatcher->dispatch(Object(CakeRequest), Object(CakeResponse))
#3 {main}
2012-08-16 18:48:52 Error: Fatal Error (1): Call to undefined method UsersController::salvaLog() in [/Applications/XAMPP/xamppfiles/htdocs/Beachchopp-novo/app/Controller/UsersController.php, line 18]
2012-08-16 18:48:52 Error: [InternalErrorException] Internal Server Error
#0 /Applications/XAMPP/xamppfiles/htdocs/Beachchopp-novo/lib/Cake/Error/ErrorHandler.php(162): ErrorHandler::handleFatalError(1, 'Call to undefin...', '/Applications/X...', 18)
#1 [internal function]: ErrorHandler::handleError(1, 'Call to undefin...', '/Applications/X...', 18, Array)
#2 /Applications/XAMPP/xamppfiles/htdocs/Beachchopp-novo/lib/Cake/Core/App.php(926): call_user_func('ErrorHandler::h...', 1, 'Call to undefin...', '/Applications/X...', 18, Array)
#3 /Applications/XAMPP/xamppfiles/htdocs/Beachchopp-novo/lib/Cake/Core/App.php(899): App::_checkFatalError()
#4 [internal function]: App::shutdown()
#5 {main}
2012-08-16 18:48:53 Error: [MissingActionException] Action AppController::webroot() could not be found.
#0 /Applications/XAMPP/xamppfiles/htdocs/Beachchopp-novo/lib/Cake/Routing/Dispatcher.php(186): Controller->invokeAction(Object(CakeRequest))
#1 /Applications/XAMPP/xamppfiles/htdocs/Beachchopp-novo/lib/Cake/Routing/Dispatcher.php(161): Dispatcher->_invoke(Object(AppController), Object(CakeRequest), Object(CakeResponse))
#2 /Applications/XAMPP/xamppfiles/htdocs/Beachchopp-novo/app/webroot/index.php(92): Dispatcher->dispatch(Object(CakeRequest), Object(CakeResponse))
#3 {main}
2012-08-16 18:49:06 Error: [MissingControllerException] Controller class ImgController could not be found.
#0 /Applications/XAMPP/xamppfiles/htdocs/Beachchopp-novo/app/webroot/index.php(92): Dispatcher->dispatch(Object(CakeRequest), Object(CakeResponse))
#1 {main}
2012-08-16 18:49:06 Error: [MissingActionException] Action AppController::webroot() could not be found.
#0 /Applications/XAMPP/xamppfiles/htdocs/Beachchopp-novo/lib/Cake/Routing/Dispatcher.php(186): Controller->invokeAction(Object(CakeRequest))
#1 /Applications/XAMPP/xamppfiles/htdocs/Beachchopp-novo/lib/Cake/Routing/Dispatcher.php(161): Dispatcher->_invoke(Object(AppController), Object(CakeRequest), Object(CakeResponse))
#2 /Applications/XAMPP/xamppfiles/htdocs/Beachchopp-novo/app/webroot/index.php(92): Dispatcher->dispatch(Object(CakeRequest), Object(CakeResponse))
#3 {main}
2012-08-16 18:49:13 Error: [MissingControllerException] Controller class ProdutosController could not be found.
#0 /Applications/XAMPP/xamppfiles/htdocs/Beachchopp-novo/app/webroot/index.php(92): Dispatcher->dispatch(Object(CakeRequest), Object(CakeResponse))
#1 {main}
2012-08-16 18:49:13 Error: [MissingActionException] Action AppController::webroot() could not be found.
#0 /Applications/XAMPP/xamppfiles/htdocs/Beachchopp-novo/lib/Cake/Routing/Dispatcher.php(186): Controller->invokeAction(Object(CakeRequest))
#1 /Applications/XAMPP/xamppfiles/htdocs/Beachchopp-novo/lib/Cake/Routing/Dispatcher.php(161): Dispatcher->_invoke(Object(AppController), Object(CakeRequest), Object(CakeResponse))
#2 /Applications/XAMPP/xamppfiles/htdocs/Beachchopp-novo/app/webroot/index.php(92): Dispatcher->dispatch(Object(CakeRequest), Object(CakeResponse))
#3 {main}
2012-08-16 18:49:19 Error: [MissingControllerException] Controller class ImgController could not be found.
#0 /Applications/XAMPP/xamppfiles/htdocs/Beachchopp-novo/app/webroot/index.php(92): Dispatcher->dispatch(Object(CakeRequest), Object(CakeResponse))
#1 {main}
2012-08-16 18:49:19 Error: [MissingActionException] Action AppController::webroot() could not be found.
#0 /Applications/XAMPP/xamppfiles/htdocs/Beachchopp-novo/lib/Cake/Routing/Dispatcher.php(186): Controller->invokeAction(Object(CakeRequest))
#1 /Applications/XAMPP/xamppfiles/htdocs/Beachchopp-novo/lib/Cake/Routing/Dispatcher.php(161): Dispatcher->_invoke(Object(AppController), Object(CakeRequest), Object(CakeResponse))
#2 /Applications/XAMPP/xamppfiles/htdocs/Beachchopp-novo/app/webroot/index.php(92): Dispatcher->dispatch(Object(CakeRequest), Object(CakeResponse))
#3 {main}
2012-08-16 18:49:40 Error: [MissingControllerException] Controller class ProdutosController could not be found.
#0 /Applications/XAMPP/xamppfiles/htdocs/Beachchopp-novo/app/webroot/index.php(92): Dispatcher->dispatch(Object(CakeRequest), Object(CakeResponse))
#1 {main}
2012-08-16 18:49:41 Error: [MissingActionException] Action AppController::webroot() could not be found.
#0 /Applications/XAMPP/xamppfiles/htdocs/Beachchopp-novo/lib/Cake/Routing/Dispatcher.php(186): Controller->invokeAction(Object(CakeRequest))
#1 /Applications/XAMPP/xamppfiles/htdocs/Beachchopp-novo/lib/Cake/Routing/Dispatcher.php(161): Dispatcher->_invoke(Object(AppController), Object(CakeRequest), Object(CakeResponse))
#2 /Applications/XAMPP/xamppfiles/htdocs/Beachchopp-novo/app/webroot/index.php(92): Dispatcher->dispatch(Object(CakeRequest), Object(CakeResponse))
#3 {main}
2012-08-16 18:49:45 Error: [MissingActionException] Action AppController::webroot() could not be found.
#0 /Applications/XAMPP/xamppfiles/htdocs/Beachchopp-novo/lib/Cake/Routing/Dispatcher.php(186): Controller->invokeAction(Object(CakeRequest))
#1 /Applications/XAMPP/xamppfiles/htdocs/Beachchopp-novo/lib/Cake/Routing/Dispatcher.php(161): Dispatcher->_invoke(Object(AppController), Object(CakeRequest), Object(CakeResponse))
#2 /Applications/XAMPP/xamppfiles/htdocs/Beachchopp-novo/app/webroot/index.php(92): Dispatcher->dispatch(Object(CakeRequest), Object(CakeResponse))
#3 {main}
2012-08-16 18:51:59 Error: [MissingControllerException] Controller class ImgController could not be found.
#0 /Applications/XAMPP/xamppfiles/htdocs/Beachchopp-novo/app/webroot/index.php(92): Dispatcher->dispatch(Object(CakeRequest), Object(CakeResponse))
#1 {main}
2012-08-16 18:51:59 Error: [MissingActionException] Action AppController::webroot() could not be found.
#0 /Applications/XAMPP/xamppfiles/htdocs/Beachchopp-novo/lib/Cake/Routing/Dispatcher.php(186): Controller->invokeAction(Object(CakeRequest))
#1 /Applications/XAMPP/xamppfiles/htdocs/Beachchopp-novo/lib/Cake/Routing/Dispatcher.php(161): Dispatcher->_invoke(Object(AppController), Object(CakeRequest), Object(CakeResponse))
#2 /Applications/XAMPP/xamppfiles/htdocs/Beachchopp-novo/app/webroot/index.php(92): Dispatcher->dispatch(Object(CakeRequest), Object(CakeResponse))
#3 {main}
2012-08-16 19:06:10 Error: [MissingControllerException] Controller class ImgController could not be found.
#0 /Applications/XAMPP/xamppfiles/htdocs/beachchopp-novo/app/webroot/index.php(92): Dispatcher->dispatch(Object(CakeRequest), Object(CakeResponse))
#1 {main}
2012-08-16 19:06:10 Error: [MissingActionException] Action AppController::webroot() could not be found.
#0 /Applications/XAMPP/xamppfiles/htdocs/beachchopp-novo/lib/Cake/Routing/Dispatcher.php(186): Controller->invokeAction(Object(CakeRequest))
#1 /Applications/XAMPP/xamppfiles/htdocs/beachchopp-novo/lib/Cake/Routing/Dispatcher.php(161): Dispatcher->_invoke(Object(AppController), Object(CakeRequest), Object(CakeResponse))
#2 /Applications/XAMPP/xamppfiles/htdocs/Beachchopp-novo/app/webroot/index.php(92): Dispatcher->dispatch(Object(CakeRequest), Object(CakeResponse))
#3 {main}
2012-08-16 19:13:13 Error: [MissingActionException] Action AppController::webroot() could not be found.
#0 /Applications/XAMPP/xamppfiles/htdocs/beachchopp-novo/lib/Cake/Routing/Dispatcher.php(186): Controller->invokeAction(Object(CakeRequest))
#1 /Applications/XAMPP/xamppfiles/htdocs/beachchopp-novo/lib/Cake/Routing/Dispatcher.php(161): Dispatcher->_invoke(Object(AppController), Object(CakeRequest), Object(CakeResponse))
#2 /Applications/XAMPP/xamppfiles/htdocs/Beachchopp-novo/app/webroot/index.php(92): Dispatcher->dispatch(Object(CakeRequest), Object(CakeResponse))
#3 {main}
2012-08-16 19:14:17 Error: [MissingActionException] Action AppController::webroot() could not be found.
#0 /Applications/XAMPP/xamppfiles/htdocs/beachchopp-novo/lib/Cake/Routing/Dispatcher.php(186): Controller->invokeAction(Object(CakeRequest))
#1 /Applications/XAMPP/xamppfiles/htdocs/beachchopp-novo/lib/Cake/Routing/Dispatcher.php(161): Dispatcher->_invoke(Object(AppController), Object(CakeRequest), Object(CakeResponse))
#2 /Applications/XAMPP/xamppfiles/htdocs/Beachchopp-novo/app/webroot/index.php(92): Dispatcher->dispatch(Object(CakeRequest), Object(CakeResponse))
#3 {main}
2012-08-16 19:14:19 Error: Fatal Error (1): Call to undefined method UsersController::salvaLog() in [/Applications/XAMPP/xamppfiles/htdocs/beachchopp-novo/app/Controller/UsersController.php, line 28]
2012-08-16 19:14:19 Error: [FatalErrorException] Call to undefined method UsersController::salvaLog()
#0 /Applications/XAMPP/xamppfiles/htdocs/beachchopp-novo/lib/Cake/Error/ErrorHandler.php(162): ErrorHandler::handleFatalError(1, 'Call to undefin...', '/Applications/X...', 28)
#1 [internal function]: ErrorHandler::handleError(1, 'Call to undefin...', '/Applications/X...', 28, Array)
#2 /Applications/XAMPP/xamppfiles/htdocs/beachchopp-novo/lib/Cake/Core/App.php(926): call_user_func('ErrorHandler::h...', 1, 'Call to undefin...', '/Applications/X...', 28, Array)
#3 /Applications/XAMPP/xamppfiles/htdocs/beachchopp-novo/lib/Cake/Core/App.php(899): App::_checkFatalError()
#4 [internal function]: App::shutdown()
#5 {main}
2012-08-16 19:14:20 Error: [MissingActionException] Action AppController::webroot() could not be found.
#0 /Applications/XAMPP/xamppfiles/htdocs/beachchopp-novo/lib/Cake/Routing/Dispatcher.php(186): Controller->invokeAction(Object(CakeRequest))
#1 /Applications/XAMPP/xamppfiles/htdocs/beachchopp-novo/lib/Cake/Routing/Dispatcher.php(161): Dispatcher->_invoke(Object(AppController), Object(CakeRequest), Object(CakeResponse))
#2 /Applications/XAMPP/xamppfiles/htdocs/Beachchopp-novo/app/webroot/index.php(92): Dispatcher->dispatch(Object(CakeRequest), Object(CakeResponse))
#3 {main}
2012-08-16 19:14:43 Error: [MissingActionException] Action AppController::webroot() could not be found.
#0 /Applications/XAMPP/xamppfiles/htdocs/beachchopp-novo/lib/Cake/Routing/Dispatcher.php(186): Controller->invokeAction(Object(CakeRequest))
#1 /Applications/XAMPP/xamppfiles/htdocs/beachchopp-novo/lib/Cake/Routing/Dispatcher.php(161): Dispatcher->_invoke(Object(AppController), Object(CakeRequest), Object(CakeResponse))
#2 /Applications/XAMPP/xamppfiles/htdocs/Beachchopp-novo/app/webroot/index.php(92): Dispatcher->dispatch(Object(CakeRequest), Object(CakeResponse))
#3 {main}
2012-08-16 19:16:18 Error: [MissingActionException] Action AppController::webroot() could not be found.
#0 /Applications/XAMPP/xamppfiles/htdocs/beachchopp-novo/lib/Cake/Routing/Dispatcher.php(186): Controller->invokeAction(Object(CakeRequest))
#1 /Applications/XAMPP/xamppfiles/htdocs/beachchopp-novo/lib/Cake/Routing/Dispatcher.php(161): Dispatcher->_invoke(Object(AppController), Object(CakeRequest), Object(CakeResponse))
#2 /Applications/XAMPP/xamppfiles/htdocs/Beachchopp-novo/app/webroot/index.php(92): Dispatcher->dispatch(Object(CakeRequest), Object(CakeResponse))
#3 {main}
2012-08-16 19:16:21 Error: [MissingActionException] Action AppController::webroot() could not be found.
#0 /Applications/XAMPP/xamppfiles/htdocs/beachchopp-novo/lib/Cake/Routing/Dispatcher.php(186): Controller->invokeAction(Object(CakeRequest))
#1 /Applications/XAMPP/xamppfiles/htdocs/beachchopp-novo/lib/Cake/Routing/Dispatcher.php(161): Dispatcher->_invoke(Object(AppController), Object(CakeRequest), Object(CakeResponse))
#2 /Applications/XAMPP/xamppfiles/htdocs/Beachchopp-novo/app/webroot/index.php(92): Dispatcher->dispatch(Object(CakeRequest), Object(CakeResponse))
#3 {main}
2012-08-16 19:16:27 Error: [MissingActionException] Action AppController::webroot() could not be found.
#0 /Applications/XAMPP/xamppfiles/htdocs/beachchopp-novo/lib/Cake/Routing/Dispatcher.php(186): Controller->invokeAction(Object(CakeRequest))
#1 /Applications/XAMPP/xamppfiles/htdocs/beachchopp-novo/lib/Cake/Routing/Dispatcher.php(161): Dispatcher->_invoke(Object(AppController), Object(CakeRequest), Object(CakeResponse))
#2 /Applications/XAMPP/xamppfiles/htdocs/Beachchopp-novo/app/webroot/index.php(92): Dispatcher->dispatch(Object(CakeRequest), Object(CakeResponse))
#3 {main}
2012-08-16 19:16:34 Error: [MissingActionException] Action AppController::webroot() could not be found.
#0 /Applications/XAMPP/xamppfiles/htdocs/beachchopp-novo/lib/Cake/Routing/Dispatcher.php(186): Controller->invokeAction(Object(CakeRequest))
#1 /Applications/XAMPP/xamppfiles/htdocs/beachchopp-novo/lib/Cake/Routing/Dispatcher.php(161): Dispatcher->_invoke(Object(AppController), Object(CakeRequest), Object(CakeResponse))
#2 /Applications/XAMPP/xamppfiles/htdocs/Beachchopp-novo/app/webroot/index.php(92): Dispatcher->dispatch(Object(CakeRequest), Object(CakeResponse))
#3 {main}
2012-08-16 19:19:57 Error: [MissingActionException] Action AppController::webroot() could not be found.
#0 /Applications/XAMPP/xamppfiles/htdocs/beachchopp-novo/lib/Cake/Routing/Dispatcher.php(186): Controller->invokeAction(Object(CakeRequest))
#1 /Applications/XAMPP/xamppfiles/htdocs/beachchopp-novo/lib/Cake/Routing/Dispatcher.php(161): Dispatcher->_invoke(Object(AppController), Object(CakeRequest), Object(CakeResponse))
#2 /Applications/XAMPP/xamppfiles/htdocs/Beachchopp-novo/app/webroot/index.php(92): Dispatcher->dispatch(Object(CakeRequest), Object(CakeResponse))
#3 {main}
2012-08-16 19:26:08 Error: [MissingActionException] Action AppController::webroot() could not be found.
#0 /Applications/XAMPP/xamppfiles/htdocs/beachchopp-novo/lib/Cake/Routing/Dispatcher.php(186): Controller->invokeAction(Object(CakeRequest))
#1 /Applications/XAMPP/xamppfiles/htdocs/beachchopp-novo/lib/Cake/Routing/Dispatcher.php(161): Dispatcher->_invoke(Object(AppController), Object(CakeRequest), Object(CakeResponse))
#2 /Applications/XAMPP/xamppfiles/htdocs/Beachchopp-novo/app/webroot/index.php(92): Dispatcher->dispatch(Object(CakeRequest), Object(CakeResponse))
#3 {main}
2012-08-16 19:28:49 Error: [MissingActionException] Action AppController::webroot() could not be found.
#0 /Applications/XAMPP/xamppfiles/htdocs/beachchopp-novo/lib/Cake/Routing/Dispatcher.php(186): Controller->invokeAction(Object(CakeRequest))
#1 /Applications/XAMPP/xamppfiles/htdocs/beachchopp-novo/lib/Cake/Routing/Dispatcher.php(161): Dispatcher->_invoke(Object(AppController), Object(CakeRequest), Object(CakeResponse))
#2 /Applications/XAMPP/xamppfiles/htdocs/Beachchopp-novo/app/webroot/index.php(92): Dispatcher->dispatch(Object(CakeRequest), Object(CakeResponse))
#3 {main}
2012-08-16 19:30:07 Error: [MissingActionException] Action AppController::webroot() could not be found.
#0 /Applications/XAMPP/xamppfiles/htdocs/beachchopp-novo/lib/Cake/Routing/Dispatcher.php(186): Controller->invokeAction(Object(CakeRequest))
#1 /Applications/XAMPP/xamppfiles/htdocs/beachchopp-novo/lib/Cake/Routing/Dispatcher.php(161): Dispatcher->_invoke(Object(AppController), Object(CakeRequest), Object(CakeResponse))
#2 /Applications/XAMPP/xamppfiles/htdocs/Beachchopp-novo/app/webroot/index.php(92): Dispatcher->dispatch(Object(CakeRequest), Object(CakeResponse))
#3 {main}
2012-08-16 19:30:26 Error: [MissingActionException] Action AppController::webroot() could not be found.
#0 /Applications/XAMPP/xamppfiles/htdocs/beachchopp-novo/lib/Cake/Routing/Dispatcher.php(186): Controller->invokeAction(Object(CakeRequest))
#1 /Applications/XAMPP/xamppfiles/htdocs/beachchopp-novo/lib/Cake/Routing/Dispatcher.php(161): Dispatcher->_invoke(Object(AppController), Object(CakeRequest), Object(CakeResponse))
#2 /Applications/XAMPP/xamppfiles/htdocs/Beachchopp-novo/app/webroot/index.php(92): Dispatcher->dispatch(Object(CakeRequest), Object(CakeResponse))
#3 {main}
2012-08-16 19:31:29 Error: [MissingActionException] Action AppController::webroot() could not be found.
#0 /Applications/XAMPP/xamppfiles/htdocs/beachchopp-novo/lib/Cake/Routing/Dispatcher.php(186): Controller->invokeAction(Object(CakeRequest))
#1 /Applications/XAMPP/xamppfiles/htdocs/beachchopp-novo/lib/Cake/Routing/Dispatcher.php(161): Dispatcher->_invoke(Object(AppController), Object(CakeRequest), Object(CakeResponse))
#2 /Applications/XAMPP/xamppfiles/htdocs/Beachchopp-novo/app/webroot/index.php(92): Dispatcher->dispatch(Object(CakeRequest), Object(CakeResponse))
#3 {main}
2012-08-16 19:31:48 Error: [MissingActionException] Action AppController::webroot() could not be found.
#0 /Applications/XAMPP/xamppfiles/htdocs/beachchopp-novo/lib/Cake/Routing/Dispatcher.php(186): Controller->invokeAction(Object(CakeRequest))
#1 /Applications/XAMPP/xamppfiles/htdocs/beachchopp-novo/lib/Cake/Routing/Dispatcher.php(161): Dispatcher->_invoke(Object(AppController), Object(CakeRequest), Object(CakeResponse))
#2 /Applications/XAMPP/xamppfiles/htdocs/Beachchopp-novo/app/webroot/index.php(92): Dispatcher->dispatch(Object(CakeRequest), Object(CakeResponse))
#3 {main}
2012-08-16 19:32:03 Error: [MissingActionException] Action AppController::webroot() could not be found.
#0 /Applications/XAMPP/xamppfiles/htdocs/beachchopp-novo/lib/Cake/Routing/Dispatcher.php(186): Controller->invokeAction(Object(CakeRequest))
#1 /Applications/XAMPP/xamppfiles/htdocs/beachchopp-novo/lib/Cake/Routing/Dispatcher.php(161): Dispatcher->_invoke(Object(AppController), Object(CakeRequest), Object(CakeResponse))
#2 /Applications/XAMPP/xamppfiles/htdocs/Beachchopp-novo/app/webroot/index.php(92): Dispatcher->dispatch(Object(CakeRequest), Object(CakeResponse))
#3 {main}
2012-08-16 19:32:16 Error: [MissingActionException] Action AppController::webroot() could not be found.
#0 /Applications/XAMPP/xamppfiles/htdocs/beachchopp-novo/lib/Cake/Routing/Dispatcher.php(186): Controller->invokeAction(Object(CakeRequest))
#1 /Applications/XAMPP/xamppfiles/htdocs/beachchopp-novo/lib/Cake/Routing/Dispatcher.php(161): Dispatcher->_invoke(Object(AppController), Object(CakeRequest), Object(CakeResponse))
#2 /Applications/XAMPP/xamppfiles/htdocs/Beachchopp-novo/app/webroot/index.php(92): Dispatcher->dispatch(Object(CakeRequest), Object(CakeResponse))
#3 {main}
2012-08-16 19:32:18 Error: [MissingActionException] Action AppController::webroot() could not be found.
#0 /Applications/XAMPP/xamppfiles/htdocs/beachchopp-novo/lib/Cake/Routing/Dispatcher.php(186): Controller->invokeAction(Object(CakeRequest))
#1 /Applications/XAMPP/xamppfiles/htdocs/beachchopp-novo/lib/Cake/Routing/Dispatcher.php(161): Dispatcher->_invoke(Object(AppController), Object(CakeRequest), Object(CakeResponse))
#2 /Applications/XAMPP/xamppfiles/htdocs/Beachchopp-novo/app/webroot/index.php(92): Dispatcher->dispatch(Object(CakeRequest), Object(CakeResponse))
#3 {main}
2012-08-16 19:33:08 Error: [MissingActionException] Action AppController::webroot() could not be found.
#0 /Applications/XAMPP/xamppfiles/htdocs/beachchopp-novo/lib/Cake/Routing/Dispatcher.php(186): Controller->invokeAction(Object(CakeRequest))
#1 /Applications/XAMPP/xamppfiles/htdocs/beachchopp-novo/lib/Cake/Routing/Dispatcher.php(161): Dispatcher->_invoke(Object(AppController), Object(CakeRequest), Object(CakeResponse))
#2 /Applications/XAMPP/xamppfiles/htdocs/Beachchopp-novo/app/webroot/index.php(92): Dispatcher->dispatch(Object(CakeRequest), Object(CakeResponse))
#3 {main}
2012-08-16 19:33:49 Error: [MissingActionException] Action AppController::webroot() could not be found.
#0 /Applications/XAMPP/xamppfiles/htdocs/beachchopp-novo/lib/Cake/Routing/Dispatcher.php(186): Controller->invokeAction(Object(CakeRequest))
#1 /Applications/XAMPP/xamppfiles/htdocs/beachchopp-novo/lib/Cake/Routing/Dispatcher.php(161): Dispatcher->_invoke(Object(AppController), Object(CakeRequest), Object(CakeResponse))
#2 /Applications/XAMPP/xamppfiles/htdocs/Beachchopp-novo/app/webroot/index.php(92): Dispatcher->dispatch(Object(CakeRequest), Object(CakeResponse))
#3 {main}
2012-08-16 19:35:41 Error: [MissingControllerException] Controller class ProdutosController could not be found.
#0 /Applications/XAMPP/xamppfiles/htdocs/beachchopp-novo/app/webroot/index.php(92): Dispatcher->dispatch(Object(CakeRequest), Object(CakeResponse))
#1 {main}
2012-08-16 19:35:42 Error: [MissingActionException] Action AppController::webroot() could not be found.
#0 /Applications/XAMPP/xamppfiles/htdocs/beachchopp-novo/lib/Cake/Routing/Dispatcher.php(186): Controller->invokeAction(Object(CakeRequest))
#1 /Applications/XAMPP/xamppfiles/htdocs/beachchopp-novo/lib/Cake/Routing/Dispatcher.php(161): Dispatcher->_invoke(Object(AppController), Object(CakeRequest), Object(CakeResponse))
#2 /Applications/XAMPP/xamppfiles/htdocs/Beachchopp-novo/app/webroot/index.php(92): Dispatcher->dispatch(Object(CakeRequest), Object(CakeResponse))
#3 {main}
2012-08-16 19:35:44 Error: [MissingActionException] Action AppController::webroot() could not be found.
#0 /Applications/XAMPP/xamppfiles/htdocs/beachchopp-novo/lib/Cake/Routing/Dispatcher.php(186): Controller->invokeAction(Object(CakeRequest))
#1 /Applications/XAMPP/xamppfiles/htdocs/beachchopp-novo/lib/Cake/Routing/Dispatcher.php(161): Dispatcher->_invoke(Object(AppController), Object(CakeRequest), Object(CakeResponse))
#2 /Applications/XAMPP/xamppfiles/htdocs/Beachchopp-novo/app/webroot/index.php(92): Dispatcher->dispatch(Object(CakeRequest), Object(CakeResponse))
#3 {main}
